0 info it worked if it ends with ok
1 verbose cli [ '/usr/bin/nodejs', '/usr/bin/npm', 'install' ]
2 info using npm@1.3.10
3 info using node@v0.10.25
4 warn package.json realestate@0.0.0 No repository field.
5 verbose readDependencies using package.json deps
6 verbose install where, deps [ '/home/phelix/www/realestate',
6 verbose install   [ 'realestate',
6 verbose install     'gulp',
6 verbose install     'gulp-sass',
6 verbose install     'gulp-concat',
6 verbose install     'gulp-minify-css',
6 verbose install     'gulp-rename' ] ]
7 info preinstall realestate@0.0.0
8 verbose readDependencies using package.json deps
9 verbose already installed skipping gulp-sass@^1.3.3 /home/phelix/www/realestate
10 verbose cache add [ 'realestate@https://github.com/ph3l1x/realestate', null ]
11 verbose cache add name=undefined spec="realestate@https://github.com/ph3l1x/realestate" args=["realestate@https://github.com/ph3l1x/realestate",null]
12 verbose parsed url { protocol: null,
12 verbose parsed url   slashes: null,
12 verbose parsed url   auth: null,
12 verbose parsed url   host: null,
12 verbose parsed url   port: null,
12 verbose parsed url   hostname: null,
12 verbose parsed url   hash: null,
12 verbose parsed url   search: null,
12 verbose parsed url   query: null,
12 verbose parsed url   pathname: 'realestate@https://github.com/ph3l1x/realestate',
12 verbose parsed url   path: 'realestate@https://github.com/ph3l1x/realestate',
12 verbose parsed url   href: 'realestate@https://github.com/ph3l1x/realestate' }
13 verbose cache add name="realestate" spec="https://github.com/ph3l1x/realestate" args=["realestate","https://github.com/ph3l1x/realestate"]
14 verbose parsed url { protocol: 'https:',
14 verbose parsed url   slashes: true,
14 verbose parsed url   auth: null,
14 verbose parsed url   host: 'github.com',
14 verbose parsed url   port: null,
14 verbose parsed url   hostname: 'github.com',
14 verbose parsed url   hash: null,
14 verbose parsed url   search: null,
14 verbose parsed url   query: null,
14 verbose parsed url   pathname: '/ph3l1x/realestate',
14 verbose parsed url   path: '/ph3l1x/realestate',
14 verbose parsed url   href: 'https://github.com/ph3l1x/realestate' }
15 verbose already installed skipping gulp@^3.5.6 /home/phelix/www/realestate
16 verbose already installed skipping gulp-concat@^2.2.0 /home/phelix/www/realestate
17 silly lockFile 5ce90958-tps-github-com-ph3l1x-realestate https://github.com/ph3l1x/realestate
18 verbose lock https://github.com/ph3l1x/realestate /home/phelix/.npm/5ce90958-tps-github-com-ph3l1x-realestate.lock
19 verbose already installed skipping gulp-minify-css@^0.3.13 /home/phelix/www/realestate
20 verbose addRemoteTarball [ 'https://github.com/ph3l1x/realestate', null ]
21 info retry fetch attempt 1 at 13:41:39
22 verbose fetch to= /home/phelix/tmp/npm-19128-g_zESDQm/1480970499482-0.615108307916671/tmp.tgz
23 verbose already installed skipping gulp-rename@^1.2.0 /home/phelix/www/realestate
24 http GET https://github.com/ph3l1x/realestate
25 http 200 https://github.com/ph3l1x/realestate
26 verbose tar unpack /home/phelix/tmp/npm-19128-g_zESDQm/1480970499482-0.615108307916671/tmp.tgz
27 silly lockFile eb2a1f9f-499482-0-615108307916671-package tar:///home/phelix/tmp/npm-19128-g_zESDQm/1480970499482-0.615108307916671/package
28 verbose lock tar:///home/phelix/tmp/npm-19128-g_zESDQm/1480970499482-0.615108307916671/package /home/phelix/.npm/eb2a1f9f-499482-0-615108307916671-package.lock
29 silly lockFile da4f63b4-499482-0-615108307916671-tmp-tgz tar:///home/phelix/tmp/npm-19128-g_zESDQm/1480970499482-0.615108307916671/tmp.tgz
30 verbose lock tar:///home/phelix/tmp/npm-19128-g_zESDQm/1480970499482-0.615108307916671/tmp.tgz /home/phelix/.npm/da4f63b4-499482-0-615108307916671-tmp-tgz.lock
31 silly gunzTarPerm modes [ '755', '644' ]
32 error not a package /home/phelix/tmp/npm-19128-g_zESDQm/1480970499482-0.615108307916671/tmp.tgz
33 silly lockFile eb2a1f9f-499482-0-615108307916671-package tar:///home/phelix/tmp/npm-19128-g_zESDQm/1480970499482-0.615108307916671/package
34 silly lockFile eb2a1f9f-499482-0-615108307916671-package tar:///home/phelix/tmp/npm-19128-g_zESDQm/1480970499482-0.615108307916671/package
35 silly lockFile da4f63b4-499482-0-615108307916671-tmp-tgz tar:///home/phelix/tmp/npm-19128-g_zESDQm/1480970499482-0.615108307916671/tmp.tgz
36 silly lockFile da4f63b4-499482-0-615108307916671-tmp-tgz tar:///home/phelix/tmp/npm-19128-g_zESDQm/1480970499482-0.615108307916671/tmp.tgz
37 silly lockFile 5ce90958-tps-github-com-ph3l1x-realestate https://github.com/ph3l1x/realestate
38 silly lockFile 5ce90958-tps-github-com-ph3l1x-realestate https://github.com/ph3l1x/realestate
39 error Error: ENOENT, open '/home/phelix/tmp/npm-19128-g_zESDQm/1480970499482-0.615108307916671/package/package.json'
40 error If you need help, you may report this log at:
40 error     <http://github.com/isaacs/npm/issues>
40 error or email it to:
40 error     <npm-@googlegroups.com>
41 error System Linux 4.4.0-36-generic
42 error command "/usr/bin/nodejs" "/usr/bin/npm" "install"
43 error cwd /home/phelix/www/realestate
44 error node -v v0.10.25
45 error npm -v 1.3.10
46 error path /home/phelix/tmp/npm-19128-g_zESDQm/1480970499482-0.615108307916671/package/package.json
47 error code ENOENT
48 error errno 34
49 verbose exit [ 34, true ]
